"" 

Sat Apr 19 2025 16:48:38:832 GMT+0200 (Центральная Европа (лето)) -- Binary semantic version is v8.9.14
Sat Apr 19 2025 16:48:38:832 GMT+0200 (Центральная Европа (лето)) -- Setting output as extra verbose with request parsing
Sat Apr 19 2025 16:48:44:248 GMT+0200 (Центральная Европа (лето)) -- Starting configuration console on http://localhost:45454
Sat Apr 19 2025 16:48:44:793 GMT+0200 (Центральная Европа (лето)) -- [SUCCESS] You can now access your local server(s) in our remote browser

Sat Apr 19 2025 16:48:46:91 GMT+0200 (Центральная Европа (лето)) -- Connecting to BrowserStack using WebSocket protocol...
Sat Apr 19 2025 16:48:46:91 GMT+0200 (Центральная Европа (лето)) -- Platform supports WebSocket connections.

Sat Apr 19 2025 16:48:46:198 GMT+0200 (Центральная Европа (лето)) -- Press Ctrl-C to exit


Sat Apr 19 2025 16:49:17:631 GMT+0200 (Центральная Европа (лето)) -- Request to: rtb-csync.smartadserver.com:443
Sat Apr 19 2025 16:49:17:632 GMT+0200 (Центральная Европа (лето)) -- [PARSING HANDSHAKE][2][4226925] Handshake request to rtb-csync.smartadserver.com:443
Sat Apr 19 2025 16:49:17:632 GMT+0200 (Центральная Европа (лето)) -- Connecting to: rtb-csync.smartadserver.com:443
Sat Apr 19 2025 16:49:17:980 GMT+0200 (Центральная Европа (лето)) -- rtb-csync.smartadserver.com:443 socket connected.
Sat Apr 19 2025 16:49:17:988 GMT+0200 (Центральная Европа (лето)) -- Connected to: 81.17.55.97
Sat Apr 19 2025 16:49:18:261 GMT+0200 (Центральная Европа (лето)) -- Writing 1359 bytes response from: rtb-csync.smartadserver.com:443
Sat Apr 19 2025 16:49:18:266 GMT+0200 (Центральная Европа (лето)) -- Writing 1933 bytes response from: rtb-csync.smartadserver.com:443
Sat Apr 19 2025 16:49:18:581 GMT+0200 (Центральная Европа (лето)) -- Writing 574 bytes response from: rtb-csync.smartadserver.com:443
Sat Apr 19 2025 16:49:18:709 GMT+0200 (Центральная Европа (лето)) -- Writing 64 bytes response from: rtb-csync.smartadserver.com:443
Sat Apr 19 2025 16:49:18:710 GMT+0200 (Центральная Европа (лето)) -- Writing 609 bytes response from: rtb-csync.smartadserver.com:443
Sat Apr 19 2025 16:49:28:686 GMT+0200 (Центральная Европа (лето)) -- Writing 39 bytes response from: rtb-csync.smartadserver.com:443
Sat Apr 19 2025 16:49:28:778 GMT+0200 (Центральная Европа (лето)) -- Writing 24 bytes response from: rtb-csync.smartadserver.com:443
