2025-04-17 20:46:38 - [32minfo[39m: Creating configuration file...
2025-04-17 20:46:38 - [32minfo[39m: Adding new script(s) in package.json...
2025-04-17 20:46:38 - [32minfo[39m: Setup completed
2025-04-17 20:51:11 - [32minfo[39m: Running SDK with args C:\Program Files\nodejs\node.exe C:\Users\user\Desktop\sources\Homework\homework_playwright_18\node_modules\browserstack-node-sdk\src\bin\runner.js playwright test
2025-04-17 20:51:11 - [32minfo[39m: Reading configs from C:\Users\user\Desktop\sources\Homework\homework_playwright_18\browserstack.yml
2025-04-17 20:51:11 - [32minfo[39m: SDK run started with id: c563c9af-7724-4b04-a2a7-791842c062fb
2025-04-17 20:51:11 - [32minfo[39m: Project and debug logs are captured by default. To disable, set disableAutoCaptureLogs: true in config.
2025-04-17 20:52:07 - [31merror[39m: Error: LocalError: No output received
    at BrowserStackSetup.setupBrowserstackLocal (C:\Users\user\Desktop\sources\Homework\homework_playwright_18\node_modules\browserstack-node-sdk\src\helpers\BrowserStackSetup.js:1:17177)
    at process.processTicksAndRejections (node:internal/process/task_queues:105:5)
    at async BrowserStackSetup.initialize (C:\Users\user\Desktop\sources\Homework\homework_playwright_18\node_modules\browserstack-node-sdk\src\helpers\BrowserStackSetup.js:1:14522)
    at async C:\Users\user\Desktop\sources\Homework\homework_playwright_18\node_modules\browserstack-node-sdk\src\bin\playwright\command.js:2:8492
2025-04-17 20:58:36 - [32minfo[39m: Running SDK with args C:\Program Files\nodejs\node.exe C:\Users\user\Desktop\sources\Homework\homework_playwright_18\node_modules\browserstack-node-sdk\src\bin\runner.js playwright test
2025-04-17 20:58:36 - [32minfo[39m: Reading configs from C:\Users\user\Desktop\sources\Homework\homework_playwright_18\browserstack.yml
2025-04-17 20:58:36 - [32minfo[39m: SDK run started with id: 940939aa-4f05-428e-8ccc-20f5f4a05bba
2025-04-17 20:58:37 - [32minfo[39m: Project and debug logs are captured by default. To disable, set disableAutoCaptureLogs: true in config.
2025-04-17 20:58:52 - [31merror[39m: Error: LocalError: No output received
    at BrowserStackSetup.setupBrowserstackLocal (C:\Users\user\Desktop\sources\Homework\homework_playwright_18\node_modules\browserstack-node-sdk\src\helpers\BrowserStackSetup.js:1:17177)
    at process.processTicksAndRejections (node:internal/process/task_queues:105:5)
    at async BrowserStackSetup.initialize (C:\Users\user\Desktop\sources\Homework\homework_playwright_18\node_modules\browserstack-node-sdk\src\helpers\BrowserStackSetup.js:1:14522)
    at async C:\Users\user\Desktop\sources\Homework\homework_playwright_18\node_modules\browserstack-node-sdk\src\bin\playwright\command.js:2:8492
2025-04-17 21:00:57 - [32minfo[39m: Running SDK with args C:\Program Files\nodejs\node.exe C:\Users\user\Desktop\sources\Homework\homework_playwright_18\node_modules\browserstack-node-sdk\src\bin\runner.js playwright test
2025-04-17 21:00:57 - [32minfo[39m: Reading configs from C:\Users\user\Desktop\sources\Homework\homework_playwright_18\browserstack.yml
2025-04-17 21:00:57 - [32minfo[39m: SDK run started with id: 1749f35b-f348-4bab-82d1-80a199ecd269
2025-04-17 21:00:58 - [32minfo[39m: Project and debug logs are captured by default. To disable, set disableAutoCaptureLogs: true in config.
2025-04-17 21:01:10 - [32minfo[39m: Local binary started successfully
2025-04-17 21:01:13 - [32minfo[39m: Testhub started with id: eblh5nvcdf4t0js6w7tzqh2kvbyaibcyu2n7xazw
2025-04-17 21:10:40 - [32minfo[39m: Shutdown triggered by SIGINT
